Start testing: Oct 20 20:52 UTC
----------------------------------------------------------
1/1 Testing: MyProject_unit_tests
1/1 Test: MyProject_unit_tests
Command: "/home/runner/work/csad2526KI-408BokhonokOlesia3/csad2526KI-408BokhonokOlesia3/build/MyProject_tests"
Directory: /home/runner/work/csad2526KI-408BokhonokOlesia3/csad2526KI-408BokhonokOlesia3/build
"MyProject_unit_tests" start time: Oct 20 20:52 UTC
Output:
----------------------------------------------------------
Running main() from /home/runner/work/csad2526KI-408BokhonokOlesia3/csad2526KI-408BokhonokOlesia3/build/_deps/googletest-src/googletest/src/gtest_main.cc
[==========] Running 8 tests from 1 test suite.
[----------] Global test environment set-up.
[----------] 8 tests from AdditionTest
[ RUN      ] AdditionTest.AddsPositiveNumbers
[       OK ] AdditionTest.AddsPositiveNumbers (0 ms)
[ RUN      ] AdditionTest.AddsNegativeNumbers
[       OK ] AdditionTest.AddsNegativeNumbers (0 ms)
[ RUN      ] AdditionTest.AddsPositiveAndNegative
[       OK ] AdditionTest.AddsPositiveAndNegative (0 ms)
[ RUN      ] AdditionTest.ZeroIsIdentity
[       OK ] AdditionTest.ZeroIsIdentity (0 ms)
[ RUN      ] AdditionTest.CommutativeProperty
[       OK ] AdditionTest.CommutativeProperty (0 ms)
[ RUN      ] AdditionTest.LargeValuesWithinRange
[       OK ] AdditionTest.LargeValuesWithinRange (0 ms)
[ RUN      ] AdditionTest.OppositeValuesCancel
[       OK ] AdditionTest.OppositeValuesCancel (0 ms)
[ RUN      ] AdditionTest.MinAndZero
[       OK ] AdditionTest.MinAndZero (0 ms)
[----------] 8 tests from AdditionTest (0 ms total)

[----------] Global test environment tear-down
[==========] 8 tests from 1 test suite ran. (0 ms total)
[  PASSED  ] 8 tests.
<end of output>
Test time =   0.00 sec
----------------------------------------------------------
Test Passed.
"MyProject_unit_tests" end time: Oct 20 20:52 UTC
"MyProject_unit_tests" time elapsed: 00:00:00
----------------------------------------------------------

End testing: Oct 20 20:52 UTC
